# Sprint-048 Wave-1 Run Log
Generated: 2026-05-22T08:18:54Z

STEP 1: Refresh progress diagram
- command: python scripts/ops/project_progress_diagram.py --backlog workflows/backlog-sprint-048.yaml --state runtime/task-state.yaml --output docs/history/sprints/SPRINT-048-PROGRESS.md --project-name Sprint-048
- result: PASS
- exit_code: 0

STEP 2: Run all tests (non-e2e)
- command: python -m pytest tests/ --ignore=tests/e2e -v
- result: PASS
- summary: 163 passed, 5 skipped
- exit_code: 0

STEP 3: Sprint-048 validator
- command: python scripts/ops/sprint048_validate.py --run-tests --json-out runtime/ci-artifacts/sprint-048-validation.json
- result: PASS
- summary: 14/14 checks passed
- exit_code: 0

STEP 4: Quality snapshot (7d)
- command: python scripts/ops/ci_executive_report.py --window-days 7 --output runtime/ci-artifacts/ci-executive-weekly-sprint-048.md
- result: PASS
- exit_code: 0

STEP 5: Launch gate
- command: python scripts/ops/ctoa_update_gate.py
- result: PASS
- status: launch_allowed
- exit_code: 0

STEP 6: Core guard check
- command: python scripts/ops/core_guard.py --check
- result: PASS
- exit_code: 0

WAVE1_EXIT_CODES: 0,0,0,0,0,0